0 info it worked if it ends with ok
1 verbose cli [ '/usr/bin/node', '/usr/bin/npm', 'start' ]
2 info using npm@3.10.10
3 info using node@v6.14.3
4 verbose run-script [ 'prestart', 'start', 'poststart' ]
5 info lifecycle frontend@1.0.0~prestart: frontend@1.0.0
6 silly lifecycle frontend@1.0.0~prestart: no script for prestart, continuing
7 info lifecycle frontend@1.0.0~start: frontend@1.0.0
8 verbose lifecycle frontend@1.0.0~start: unsafe-perm in lifecycle true
9 verbose lifecycle frontend@1.0.0~start: PATH: /usr/lib/node_modules/npm/bin/node-gyp-bin:/home/vagrant/java_demo/node_modules/.bin:/home/vagrant/maven/bin:/usr/local/bin:/usr/bin:/usr/local/sbin:/usr/sbin://home/vagrant/jdk1.8.0_181/bin:/home/vagrant/jdk1.8.0_181/jre/bin:/opt/puppetlabs/bin:/home/vagrant/.local/bin:/home/vagrant/bin
10 verbose lifecycle frontend@1.0.0~start: CWD: /home/vagrant/java_demo
11 silly lifecycle frontend@1.0.0~start: Args: [ '-c', 'node frontend.js' ]
12 silly lifecycle frontend@1.0.0~start: Returned: code: 1  signal: null
13 info lifecycle frontend@1.0.0~start: Failed to exec start script
14 verbose stack Error: frontend@1.0.0 start: `node frontend.js`
14 verbose stack Exit status 1
14 verbose stack     at EventEmitter.<anonymous> (/usr/lib/node_modules/npm/lib/utils/lifecycle.js:255:16)
14 verbose stack     at emitTwo (events.js:106:13)
14 verbose stack     at EventEmitter.emit (events.js:191:7)
14 verbose stack     at ChildProcess.<anonymous> (/usr/lib/node_modules/npm/lib/utils/spawn.js:40:14)
14 verbose stack     at emitTwo (events.js:106:13)
14 verbose stack     at ChildProcess.emit (events.js:191:7)
14 verbose stack     at maybeClose (internal/child_process.js:920:16)
14 verbose stack     at Process.ChildProcess._handle.onexit (internal/child_process.js:230:5)
15 verbose pkgid frontend@1.0.0
16 verbose cwd /home/vagrant/java_demo
17 error Linux 3.10.0-862.3.3.el7.x86_64
18 error argv "/usr/bin/node" "/usr/bin/npm" "start"
19 error node v6.14.3
20 error npm  v3.10.10
21 error code ELIFECYCLE
22 error frontend@1.0.0 start: `node frontend.js`
22 error Exit status 1
23 error Failed at the frontend@1.0.0 start script 'node frontend.js'.
23 error Make sure you have the latest version of node.js and npm installed.
23 error If you do, this is most likely a problem with the frontend package,
23 error not with npm itself.
23 error Tell the author that this fails on your system:
23 error     node frontend.js
23 error You can get information on how to open an issue for this project with:
23 error     npm bugs frontend
23 error Or if that isn't available, you can get their info via:
23 error     npm owner ls frontend
23 error There is likely additional logging output above.
24 verbose exit [ 1, true ]
